c:\users\kaise\documents\visual studio 2017\projects\opencv_demo\opencv_demo\x64\debug\vc141.pdb
c:\users\kaise\documents\visual studio 2017\projects\opencv_demo\opencv_demo\x64\debug\vc141.idb
c:\users\kaise\documents\visual studio 2017\projects\opencv_demo\opencv_demo\x64\debug\source.obj
c:\users\kaise\documents\visual studio 2017\projects\opencv_demo\opencv_demo\x64\debug\source1.obj
c:\users\kaise\documents\visual studio 2017\projects\opencv_demo\opencv_demo\x64\debug\kalman.obj
c:\users\kaise\documents\visual studio 2017\projects\opencv_demo\opencv_demo\x64\debug\test.obj
c:\users\kaise\documents\visual studio 2017\projects\opencv_demo\opencv_demo\x64\debug\background_subtraction.obj
c:\users\kaise\documents\visual studio 2017\projects\opencv_demo\opencv_demo\x64\debug\kalman_filter.obj
c:\users\kaise\documents\visual studio 2017\projects\opencv_demo\opencv_demo\x64\debug\tracking.obj
c:\users\kaise\documents\visual studio 2017\projects\opencv_demo\x64\debug\opencv_demo.ilk
c:\users\kaise\documents\visual studio 2017\projects\opencv_demo\x64\debug\opencv_demo.exe
c:\users\kaise\documents\visual studio 2017\projects\opencv_demo\x64\debug\opencv_demo.pdb
c:\users\kaise\documents\visual studio 2017\projects\opencv_demo\opencv_demo\x64\debug\background_subtraction.obj.enc
c:\users\kaise\documents\visual studio 2017\projects\opencv_demo\opencv_demo\x64\debug\tracking.obj.enc
c:\users\kaise\documents\visual studio 2017\projects\opencv_demo\opencv_demo\x64\debug\opencv_demo.tlog\cl.command.1.tlog
c:\users\kaise\documents\visual studio 2017\projects\opencv_demo\opencv_demo\x64\debug\opencv_demo.tlog\cl.read.1.tlog
c:\users\kaise\documents\visual studio 2017\projects\opencv_demo\opencv_demo\x64\debug\opencv_demo.tlog\cl.write.1.tlog
c:\users\kaise\documents\visual studio 2017\projects\opencv_demo\opencv_demo\x64\debug\opencv_demo.tlog\link.command.1.tlog
c:\users\kaise\documents\visual studio 2017\projects\opencv_demo\opencv_demo\x64\debug\opencv_demo.tlog\link.read.1.tlog
c:\users\kaise\documents\visual studio 2017\projects\opencv_demo\opencv_demo\x64\debug\opencv_demo.tlog\link.write.1.tlog
