c:\users\kaise\documents\visual studio 2017\projects\opencv_demo\opencv_demo\x64\debug\vc141.pdb
c:\users\kaise\documents\visual studio 2017\projects\opencv_demo\opencv_demo\x64\debug\vc141.idb
c:\users\kaise\documents\visual studio 2017\projects\opencv_demo\opencv_demo\x64\debug\hog_human.obj
c:\users\kaise\documents\visual studio 2017\projects\opencv_demo\opencv_demo\x64\debug\multiple_mil.obj
c:\users\kaise\documents\visual studio 2017\projects\opencv_demo\opencv_demo\x64\debug\multiple_tracking_v1.obj
c:\users\kaise\documents\visual studio 2017\projects\opencv_demo\opencv_demo\x64\debug\multiple_tracking_v2.obj
c:\users\kaise\documents\visual studio 2017\projects\opencv_demo\x64\debug\opencv_mutiple tracking.ilk
c:\users\kaise\documents\visual studio 2017\projects\opencv_demo\x64\debug\opencv_mutiple tracking.exe
c:\users\kaise\documents\visual studio 2017\projects\opencv_demo\x64\debug\opencv_mutiple tracking.pdb
c:\users\kaise\documents\visual studio 2017\projects\opencv_demo\opencv_demo\x64\debug\background_subtraction.obj
c:\users\kaise\documents\visual studio 2017\projects\opencv_demo\opencv_demo\x64\debug\hog.obj
c:\users\kaise\documents\visual studio 2017\projects\opencv_demo\opencv_demo\x64\debug\kalman_filter.obj
c:\users\kaise\documents\visual studio 2017\projects\opencv_demo\opencv_demo\x64\debug\mil_demo.obj
c:\users\kaise\documents\visual studio 2017\projects\opencv_demo\opencv_demo\x64\debug\multiple_tracking.obj
c:\users\kaise\documents\visual studio 2017\projects\opencv_demo\opencv_demo\x64\debug\source.obj
c:\users\kaise\documents\visual studio 2017\projects\opencv_demo\opencv_demo\x64\debug\tracking.obj
c:\users\kaise\documents\visual studio 2017\projects\opencv_demo\opencv_demo\x64\debug\multiple_tracking.obj.enc
c:\users\kaise\documents\visual studio 2017\projects\opencv_demo\opencv_demo\x64\debug\opencv_m.3ddfe3db.tlog\cl.command.1.tlog
c:\users\kaise\documents\visual studio 2017\projects\opencv_demo\opencv_demo\x64\debug\opencv_m.3ddfe3db.tlog\cl.read.1.tlog
c:\users\kaise\documents\visual studio 2017\projects\opencv_demo\opencv_demo\x64\debug\opencv_m.3ddfe3db.tlog\cl.write.1.tlog
c:\users\kaise\documents\visual studio 2017\projects\opencv_demo\opencv_demo\x64\debug\opencv_m.3ddfe3db.tlog\link.command.1.tlog
c:\users\kaise\documents\visual studio 2017\projects\opencv_demo\opencv_demo\x64\debug\opencv_m.3ddfe3db.tlog\link.read.1.tlog
c:\users\kaise\documents\visual studio 2017\projects\opencv_demo\opencv_demo\x64\debug\opencv_m.3ddfe3db.tlog\link.write.1.tlog
